[2025-11-20T16:13:35.489+0000] {processor.py:186} INFO - Started process (PID=187) to work on /opt/airflow/dags/crawl_search_page.py
[2025-11-20T16:13:35.491+0000] {processor.py:914} INFO - Processing file /opt/airflow/dags/crawl_search_page.py for tasks to queue
[2025-11-20T16:13:35.501+0000] {logging_mixin.py:190} INFO - [2025-11-20T16:13:35.500+0000] {dagbag.py:588} INFO - Filling up the DagBag from /opt/airflow/dags/crawl_search_page.py
[2025-11-20T16:13:35.523+0000] {logging_mixin.py:190} INFO - [2025-11-20T16:13:35.517+0000] {dagbag.py:387} ERROR - Failed to import: /opt/airflow/dags/crawl_search_page.py
Traceback (most recent call last):
  File "/home/airflow/.local/lib/python3.12/site-packages/airflow/models/dagbag.py", line 383, in parse
    loader.exec_module(new_module)
  File "<frozen importlib._bootstrap_external>", line 999, in exec_module
  File "<frozen importlib._bootstrap>", line 488, in _call_with_frames_removed
  File "/opt/airflow/dags/crawl_search_page.py", line 5, in <module>
    from job_crawler.beautifulsoup.crawl_search_page import crawl_multiple_keywords
ModuleNotFoundError: No module named 'job_crawler'
[2025-11-20T16:13:35.525+0000] {processor.py:927} WARNING - No viable dags retrieved from /opt/airflow/dags/crawl_search_page.py
[2025-11-20T16:13:35.553+0000] {processor.py:208} INFO - Processing /opt/airflow/dags/crawl_search_page.py took 0.078 seconds
[2025-11-20T16:14:05.789+0000] {processor.py:186} INFO - Started process (PID=198) to work on /opt/airflow/dags/crawl_search_page.py
[2025-11-20T16:14:05.791+0000] {processor.py:914} INFO - Processing file /opt/airflow/dags/crawl_search_page.py for tasks to queue
[2025-11-20T16:14:05.794+0000] {logging_mixin.py:190} INFO - [2025-11-20T16:14:05.793+0000] {dagbag.py:588} INFO - Filling up the DagBag from /opt/airflow/dags/crawl_search_page.py
[2025-11-20T16:14:05.809+0000] {logging_mixin.py:190} INFO - [2025-11-20T16:14:05.805+0000] {dagbag.py:387} ERROR - Failed to import: /opt/airflow/dags/crawl_search_page.py
Traceback (most recent call last):
  File "/home/airflow/.local/lib/python3.12/site-packages/airflow/models/dagbag.py", line 383, in parse
    loader.exec_module(new_module)
  File "<frozen importlib._bootstrap_external>", line 999, in exec_module
  File "<frozen importlib._bootstrap>", line 488, in _call_with_frames_removed
  File "/opt/airflow/dags/crawl_search_page.py", line 5, in <module>
    from job_crawler.beautifulsoup.crawl_search_page import crawl_multiple_keywords
ModuleNotFoundError: No module named 'job_crawler'
[2025-11-20T16:14:05.810+0000] {processor.py:927} WARNING - No viable dags retrieved from /opt/airflow/dags/crawl_search_page.py
[2025-11-20T16:14:05.831+0000] {processor.py:208} INFO - Processing /opt/airflow/dags/crawl_search_page.py took 0.048 seconds
[2025-11-20T16:14:36.272+0000] {processor.py:186} INFO - Started process (PID=209) to work on /opt/airflow/dags/crawl_search_page.py
[2025-11-20T16:14:36.273+0000] {processor.py:914} INFO - Processing file /opt/airflow/dags/crawl_search_page.py for tasks to queue
[2025-11-20T16:14:36.275+0000] {logging_mixin.py:190} INFO - [2025-11-20T16:14:36.275+0000] {dagbag.py:588} INFO - Filling up the DagBag from /opt/airflow/dags/crawl_search_page.py
[2025-11-20T16:14:36.288+0000] {logging_mixin.py:190} INFO - [2025-11-20T16:14:36.285+0000] {dagbag.py:387} ERROR - Failed to import: /opt/airflow/dags/crawl_search_page.py
Traceback (most recent call last):
  File "/home/airflow/.local/lib/python3.12/site-packages/airflow/models/dagbag.py", line 383, in parse
    loader.exec_module(new_module)
  File "<frozen importlib._bootstrap_external>", line 999, in exec_module
  File "<frozen importlib._bootstrap>", line 488, in _call_with_frames_removed
  File "/opt/airflow/dags/crawl_search_page.py", line 5, in <module>
    from job_crawler.beautifulsoup.crawl_search_page import crawl_multiple_keywords
ModuleNotFoundError: No module named 'job_crawler'
[2025-11-20T16:14:36.289+0000] {processor.py:927} WARNING - No viable dags retrieved from /opt/airflow/dags/crawl_search_page.py
[2025-11-20T16:14:36.307+0000] {processor.py:208} INFO - Processing /opt/airflow/dags/crawl_search_page.py took 0.041 seconds
[2025-11-20T16:15:06.688+0000] {processor.py:186} INFO - Started process (PID=220) to work on /opt/airflow/dags/crawl_search_page.py
[2025-11-20T16:15:06.688+0000] {processor.py:914} INFO - Processing file /opt/airflow/dags/crawl_search_page.py for tasks to queue
[2025-11-20T16:15:06.691+0000] {logging_mixin.py:190} INFO - [2025-11-20T16:15:06.691+0000] {dagbag.py:588} INFO - Filling up the DagBag from /opt/airflow/dags/crawl_search_page.py
[2025-11-20T16:15:06.705+0000] {logging_mixin.py:190} INFO - [2025-11-20T16:15:06.703+0000] {dagbag.py:387} ERROR - Failed to import: /opt/airflow/dags/crawl_search_page.py
Traceback (most recent call last):
  File "/home/airflow/.local/lib/python3.12/site-packages/airflow/models/dagbag.py", line 383, in parse
    loader.exec_module(new_module)
  File "<frozen importlib._bootstrap_external>", line 999, in exec_module
  File "<frozen importlib._bootstrap>", line 488, in _call_with_frames_removed
  File "/opt/airflow/dags/crawl_search_page.py", line 5, in <module>
    from job_crawler.beautifulsoup.crawl_search_page import crawl_multiple_keywords
ModuleNotFoundError: No module named 'job_crawler'
[2025-11-20T16:15:06.706+0000] {processor.py:927} WARNING - No viable dags retrieved from /opt/airflow/dags/crawl_search_page.py
[2025-11-20T16:15:06.723+0000] {processor.py:208} INFO - Processing /opt/airflow/dags/crawl_search_page.py took 0.042 seconds
[2025-11-20T16:15:37.106+0000] {processor.py:186} INFO - Started process (PID=231) to work on /opt/airflow/dags/crawl_search_page.py
[2025-11-20T16:15:37.107+0000] {processor.py:914} INFO - Processing file /opt/airflow/dags/crawl_search_page.py for tasks to queue
[2025-11-20T16:15:37.109+0000] {logging_mixin.py:190} INFO - [2025-11-20T16:15:37.109+0000] {dagbag.py:588} INFO - Filling up the DagBag from /opt/airflow/dags/crawl_search_page.py
[2025-11-20T16:15:37.121+0000] {logging_mixin.py:190} INFO - [2025-11-20T16:15:37.118+0000] {dagbag.py:387} ERROR - Failed to import: /opt/airflow/dags/crawl_search_page.py
Traceback (most recent call last):
  File "/home/airflow/.local/lib/python3.12/site-packages/airflow/models/dagbag.py", line 383, in parse
    loader.exec_module(new_module)
  File "<frozen importlib._bootstrap_external>", line 999, in exec_module
  File "<frozen importlib._bootstrap>", line 488, in _call_with_frames_removed
  File "/opt/airflow/dags/crawl_search_page.py", line 5, in <module>
    from job_crawler.beautifulsoup.crawl_search_page import crawl_multiple_keywords
ModuleNotFoundError: No module named 'job_crawler'
[2025-11-20T16:15:37.122+0000] {processor.py:927} WARNING - No viable dags retrieved from /opt/airflow/dags/crawl_search_page.py
[2025-11-20T16:15:37.139+0000] {processor.py:208} INFO - Processing /opt/airflow/dags/crawl_search_page.py took 0.037 seconds
[2025-11-20T16:16:07.473+0000] {processor.py:186} INFO - Started process (PID=242) to work on /opt/airflow/dags/crawl_search_page.py
[2025-11-20T16:16:07.474+0000] {processor.py:914} INFO - Processing file /opt/airflow/dags/crawl_search_page.py for tasks to queue
[2025-11-20T16:16:07.478+0000] {logging_mixin.py:190} INFO - [2025-11-20T16:16:07.477+0000] {dagbag.py:588} INFO - Filling up the DagBag from /opt/airflow/dags/crawl_search_page.py
[2025-11-20T16:16:07.493+0000] {logging_mixin.py:190} INFO - [2025-11-20T16:16:07.490+0000] {dagbag.py:387} ERROR - Failed to import: /opt/airflow/dags/crawl_search_page.py
Traceback (most recent call last):
  File "/home/airflow/.local/lib/python3.12/site-packages/airflow/models/dagbag.py", line 383, in parse
    loader.exec_module(new_module)
  File "<frozen importlib._bootstrap_external>", line 999, in exec_module
  File "<frozen importlib._bootstrap>", line 488, in _call_with_frames_removed
  File "/opt/airflow/dags/crawl_search_page.py", line 5, in <module>
    from job_crawler.beautifulsoup.crawl_search_page import crawl_multiple_keywords
ModuleNotFoundError: No module named 'job_crawler'
[2025-11-20T16:16:07.494+0000] {processor.py:927} WARNING - No viable dags retrieved from /opt/airflow/dags/crawl_search_page.py
[2025-11-20T16:16:07.512+0000] {processor.py:208} INFO - Processing /opt/airflow/dags/crawl_search_page.py took 0.045 seconds
[2025-11-20T16:16:37.908+0000] {processor.py:186} INFO - Started process (PID=253) to work on /opt/airflow/dags/crawl_search_page.py
[2025-11-20T16:16:37.908+0000] {processor.py:914} INFO - Processing file /opt/airflow/dags/crawl_search_page.py for tasks to queue
[2025-11-20T16:16:37.913+0000] {logging_mixin.py:190} INFO - [2025-11-20T16:16:37.912+0000] {dagbag.py:588} INFO - Filling up the DagBag from /opt/airflow/dags/crawl_search_page.py
[2025-11-20T16:16:37.933+0000] {logging_mixin.py:190} INFO - [2025-11-20T16:16:37.929+0000] {dagbag.py:387} ERROR - Failed to import: /opt/airflow/dags/crawl_search_page.py
Traceback (most recent call last):
  File "/home/airflow/.local/lib/python3.12/site-packages/airflow/models/dagbag.py", line 383, in parse
    loader.exec_module(new_module)
  File "<frozen importlib._bootstrap_external>", line 999, in exec_module
  File "<frozen importlib._bootstrap>", line 488, in _call_with_frames_removed
  File "/opt/airflow/dags/crawl_search_page.py", line 5, in <module>
    from job_crawler.beautifulsoup.crawl_search_page import crawl_multiple_keywords
ModuleNotFoundError: No module named 'job_crawler'
[2025-11-20T16:16:37.934+0000] {processor.py:927} WARNING - No viable dags retrieved from /opt/airflow/dags/crawl_search_page.py
[2025-11-20T16:16:37.959+0000] {processor.py:208} INFO - Processing /opt/airflow/dags/crawl_search_page.py took 0.059 seconds
[2025-11-20T16:17:08.215+0000] {processor.py:186} INFO - Started process (PID=264) to work on /opt/airflow/dags/crawl_search_page.py
[2025-11-20T16:17:08.216+0000] {processor.py:914} INFO - Processing file /opt/airflow/dags/crawl_search_page.py for tasks to queue
[2025-11-20T16:17:08.218+0000] {logging_mixin.py:190} INFO - [2025-11-20T16:17:08.218+0000] {dagbag.py:588} INFO - Filling up the DagBag from /opt/airflow/dags/crawl_search_page.py
[2025-11-20T16:17:08.232+0000] {logging_mixin.py:190} INFO - [2025-11-20T16:17:08.229+0000] {dagbag.py:387} ERROR - Failed to import: /opt/airflow/dags/crawl_search_page.py
Traceback (most recent call last):
  File "/home/airflow/.local/lib/python3.12/site-packages/airflow/models/dagbag.py", line 383, in parse
    loader.exec_module(new_module)
  File "<frozen importlib._bootstrap_external>", line 999, in exec_module
  File "<frozen importlib._bootstrap>", line 488, in _call_with_frames_removed
  File "/opt/airflow/dags/crawl_search_page.py", line 5, in <module>
    from job_crawler.beautifulsoup.crawl_search_page import crawl_multiple_keywords
ModuleNotFoundError: No module named 'job_crawler'
[2025-11-20T16:17:08.233+0000] {processor.py:927} WARNING - No viable dags retrieved from /opt/airflow/dags/crawl_search_page.py
[2025-11-20T16:17:08.252+0000] {processor.py:208} INFO - Processing /opt/airflow/dags/crawl_search_page.py took 0.042 seconds
[2025-11-20T16:17:38.610+0000] {processor.py:186} INFO - Started process (PID=275) to work on /opt/airflow/dags/crawl_search_page.py
[2025-11-20T16:17:38.611+0000] {processor.py:914} INFO - Processing file /opt/airflow/dags/crawl_search_page.py for tasks to queue
[2025-11-20T16:17:38.614+0000] {logging_mixin.py:190} INFO - [2025-11-20T16:17:38.613+0000] {dagbag.py:588} INFO - Filling up the DagBag from /opt/airflow/dags/crawl_search_page.py
[2025-11-20T16:17:38.626+0000] {logging_mixin.py:190} INFO - [2025-11-20T16:17:38.623+0000] {dagbag.py:387} ERROR - Failed to import: /opt/airflow/dags/crawl_search_page.py
Traceback (most recent call last):
  File "/home/airflow/.local/lib/python3.12/site-packages/airflow/models/dagbag.py", line 383, in parse
    loader.exec_module(new_module)
  File "<frozen importlib._bootstrap_external>", line 999, in exec_module
  File "<frozen importlib._bootstrap>", line 488, in _call_with_frames_removed
  File "/opt/airflow/dags/crawl_search_page.py", line 5, in <module>
    from job_crawler.beautifulsoup.crawl_search_page import crawl_multiple_keywords
ModuleNotFoundError: No module named 'job_crawler'
[2025-11-20T16:17:38.627+0000] {processor.py:927} WARNING - No viable dags retrieved from /opt/airflow/dags/crawl_search_page.py
[2025-11-20T16:17:38.651+0000] {processor.py:208} INFO - Processing /opt/airflow/dags/crawl_search_page.py took 0.045 seconds
[2025-11-20T16:18:09.009+0000] {processor.py:186} INFO - Started process (PID=286) to work on /opt/airflow/dags/crawl_search_page.py
[2025-11-20T16:18:09.010+0000] {processor.py:914} INFO - Processing file /opt/airflow/dags/crawl_search_page.py for tasks to queue
[2025-11-20T16:18:09.012+0000] {logging_mixin.py:190} INFO - [2025-11-20T16:18:09.012+0000] {dagbag.py:588} INFO - Filling up the DagBag from /opt/airflow/dags/crawl_search_page.py
[2025-11-20T16:18:09.026+0000] {logging_mixin.py:190} INFO - [2025-11-20T16:18:09.023+0000] {dagbag.py:387} ERROR - Failed to import: /opt/airflow/dags/crawl_search_page.py
Traceback (most recent call last):
  File "/home/airflow/.local/lib/python3.12/site-packages/airflow/models/dagbag.py", line 383, in parse
    loader.exec_module(new_module)
  File "<frozen importlib._bootstrap_external>", line 999, in exec_module
  File "<frozen importlib._bootstrap>", line 488, in _call_with_frames_removed
  File "/opt/airflow/dags/crawl_search_page.py", line 5, in <module>
    from job_crawler.beautifulsoup.crawl_search_page import crawl_multiple_keywords
ModuleNotFoundError: No module named 'job_crawler'
[2025-11-20T16:18:09.027+0000] {processor.py:927} WARNING - No viable dags retrieved from /opt/airflow/dags/crawl_search_page.py
[2025-11-20T16:18:09.044+0000] {processor.py:208} INFO - Processing /opt/airflow/dags/crawl_search_page.py took 0.040 seconds
[2025-11-20T16:18:39.405+0000] {processor.py:186} INFO - Started process (PID=297) to work on /opt/airflow/dags/crawl_search_page.py
[2025-11-20T16:18:39.406+0000] {processor.py:914} INFO - Processing file /opt/airflow/dags/crawl_search_page.py for tasks to queue
[2025-11-20T16:18:39.408+0000] {logging_mixin.py:190} INFO - [2025-11-20T16:18:39.407+0000] {dagbag.py:588} INFO - Filling up the DagBag from /opt/airflow/dags/crawl_search_page.py
[2025-11-20T16:18:39.418+0000] {logging_mixin.py:190} INFO - [2025-11-20T16:18:39.416+0000] {dagbag.py:387} ERROR - Failed to import: /opt/airflow/dags/crawl_search_page.py
Traceback (most recent call last):
  File "/home/airflow/.local/lib/python3.12/site-packages/airflow/models/dagbag.py", line 383, in parse
    loader.exec_module(new_module)
  File "<frozen importlib._bootstrap_external>", line 999, in exec_module
  File "<frozen importlib._bootstrap>", line 488, in _call_with_frames_removed
  File "/opt/airflow/dags/crawl_search_page.py", line 5, in <module>
    from job_crawler.beautifulsoup.crawl_search_page import crawl_multiple_keywords
ModuleNotFoundError: No module named 'job_crawler'
[2025-11-20T16:18:39.420+0000] {processor.py:927} WARNING - No viable dags retrieved from /opt/airflow/dags/crawl_search_page.py
[2025-11-20T16:18:39.435+0000] {processor.py:208} INFO - Processing /opt/airflow/dags/crawl_search_page.py took 0.035 seconds
[2025-11-20T16:19:09.768+0000] {processor.py:186} INFO - Started process (PID=314) to work on /opt/airflow/dags/crawl_search_page.py
[2025-11-20T16:19:09.769+0000] {processor.py:914} INFO - Processing file /opt/airflow/dags/crawl_search_page.py for tasks to queue
[2025-11-20T16:19:09.771+0000] {logging_mixin.py:190} INFO - [2025-11-20T16:19:09.771+0000] {dagbag.py:588} INFO - Filling up the DagBag from /opt/airflow/dags/crawl_search_page.py
[2025-11-20T16:19:09.784+0000] {logging_mixin.py:190} INFO - [2025-11-20T16:19:09.781+0000] {dagbag.py:387} ERROR - Failed to import: /opt/airflow/dags/crawl_search_page.py
Traceback (most recent call last):
  File "/home/airflow/.local/lib/python3.12/site-packages/airflow/models/dagbag.py", line 383, in parse
    loader.exec_module(new_module)
  File "<frozen importlib._bootstrap_external>", line 999, in exec_module
  File "<frozen importlib._bootstrap>", line 488, in _call_with_frames_removed
  File "/opt/airflow/dags/crawl_search_page.py", line 5, in <module>
    from job_crawler.beautifulsoup.crawl_search_page import crawl_multiple_keywords
ModuleNotFoundError: No module named 'job_crawler'
[2025-11-20T16:19:09.786+0000] {processor.py:927} WARNING - No viable dags retrieved from /opt/airflow/dags/crawl_search_page.py
[2025-11-20T16:19:09.804+0000] {processor.py:208} INFO - Processing /opt/airflow/dags/crawl_search_page.py took 0.043 seconds
[2025-11-20T16:19:40.130+0000] {processor.py:186} INFO - Started process (PID=325) to work on /opt/airflow/dags/crawl_search_page.py
[2025-11-20T16:19:40.130+0000] {processor.py:914} INFO - Processing file /opt/airflow/dags/crawl_search_page.py for tasks to queue
[2025-11-20T16:19:40.133+0000] {logging_mixin.py:190} INFO - [2025-11-20T16:19:40.132+0000] {dagbag.py:588} INFO - Filling up the DagBag from /opt/airflow/dags/crawl_search_page.py
[2025-11-20T16:19:40.145+0000] {logging_mixin.py:190} INFO - [2025-11-20T16:19:40.142+0000] {dagbag.py:387} ERROR - Failed to import: /opt/airflow/dags/crawl_search_page.py
Traceback (most recent call last):
  File "/home/airflow/.local/lib/python3.12/site-packages/airflow/models/dagbag.py", line 383, in parse
    loader.exec_module(new_module)
  File "<frozen importlib._bootstrap_external>", line 999, in exec_module
  File "<frozen importlib._bootstrap>", line 488, in _call_with_frames_removed
  File "/opt/airflow/dags/crawl_search_page.py", line 5, in <module>
    from job_crawler.beautifulsoup.crawl_search_page import crawl_multiple_keywords
ModuleNotFoundError: No module named 'job_crawler'
[2025-11-20T16:19:40.147+0000] {processor.py:927} WARNING - No viable dags retrieved from /opt/airflow/dags/crawl_search_page.py
[2025-11-20T16:19:40.162+0000] {processor.py:208} INFO - Processing /opt/airflow/dags/crawl_search_page.py took 0.038 seconds
[2025-11-20T16:20:10.525+0000] {processor.py:186} INFO - Started process (PID=336) to work on /opt/airflow/dags/crawl_search_page.py
[2025-11-20T16:20:10.526+0000] {processor.py:914} INFO - Processing file /opt/airflow/dags/crawl_search_page.py for tasks to queue
[2025-11-20T16:20:10.528+0000] {logging_mixin.py:190} INFO - [2025-11-20T16:20:10.528+0000] {dagbag.py:588} INFO - Filling up the DagBag from /opt/airflow/dags/crawl_search_page.py
[2025-11-20T16:20:10.540+0000] {logging_mixin.py:190} INFO - [2025-11-20T16:20:10.538+0000] {dagbag.py:387} ERROR - Failed to import: /opt/airflow/dags/crawl_search_page.py
Traceback (most recent call last):
  File "/home/airflow/.local/lib/python3.12/site-packages/airflow/models/dagbag.py", line 383, in parse
    loader.exec_module(new_module)
  File "<frozen importlib._bootstrap_external>", line 999, in exec_module
  File "<frozen importlib._bootstrap>", line 488, in _call_with_frames_removed
  File "/opt/airflow/dags/crawl_search_page.py", line 5, in <module>
    from job_crawler.beautifulsoup.crawl_search_page import crawl_multiple_keywords
ModuleNotFoundError: No module named 'job_crawler'
[2025-11-20T16:20:10.541+0000] {processor.py:927} WARNING - No viable dags retrieved from /opt/airflow/dags/crawl_search_page.py
[2025-11-20T16:20:10.557+0000] {processor.py:208} INFO - Processing /opt/airflow/dags/crawl_search_page.py took 0.037 seconds
[2025-11-20T16:20:40.920+0000] {processor.py:186} INFO - Started process (PID=347) to work on /opt/airflow/dags/crawl_search_page.py
[2025-11-20T16:20:40.921+0000] {processor.py:914} INFO - Processing file /opt/airflow/dags/crawl_search_page.py for tasks to queue
[2025-11-20T16:20:40.924+0000] {logging_mixin.py:190} INFO - [2025-11-20T16:20:40.924+0000] {dagbag.py:588} INFO - Filling up the DagBag from /opt/airflow/dags/crawl_search_page.py
[2025-11-20T16:20:40.940+0000] {logging_mixin.py:190} INFO - [2025-11-20T16:20:40.937+0000] {dagbag.py:387} ERROR - Failed to import: /opt/airflow/dags/crawl_search_page.py
Traceback (most recent call last):
  File "/home/airflow/.local/lib/python3.12/site-packages/airflow/models/dagbag.py", line 383, in parse
    loader.exec_module(new_module)
  File "<frozen importlib._bootstrap_external>", line 999, in exec_module
  File "<frozen importlib._bootstrap>", line 488, in _call_with_frames_removed
  File "/opt/airflow/dags/crawl_search_page.py", line 5, in <module>
    from job_crawler.beautifulsoup.crawl_search_page import crawl_multiple_keywords
ModuleNotFoundError: No module named 'job_crawler'
[2025-11-20T16:20:40.941+0000] {processor.py:927} WARNING - No viable dags retrieved from /opt/airflow/dags/crawl_search_page.py
[2025-11-20T16:20:40.959+0000] {processor.py:208} INFO - Processing /opt/airflow/dags/crawl_search_page.py took 0.046 seconds
[2025-11-20T16:21:11.251+0000] {processor.py:186} INFO - Started process (PID=358) to work on /opt/airflow/dags/crawl_search_page.py
[2025-11-20T16:21:11.252+0000] {processor.py:914} INFO - Processing file /opt/airflow/dags/crawl_search_page.py for tasks to queue
[2025-11-20T16:21:11.254+0000] {logging_mixin.py:190} INFO - [2025-11-20T16:21:11.254+0000] {dagbag.py:588} INFO - Filling up the DagBag from /opt/airflow/dags/crawl_search_page.py
[2025-11-20T16:21:11.266+0000] {logging_mixin.py:190} INFO - [2025-11-20T16:21:11.263+0000] {dagbag.py:387} ERROR - Failed to import: /opt/airflow/dags/crawl_search_page.py
Traceback (most recent call last):
  File "/home/airflow/.local/lib/python3.12/site-packages/airflow/models/dagbag.py", line 383, in parse
    loader.exec_module(new_module)
  File "<frozen importlib._bootstrap_external>", line 999, in exec_module
  File "<frozen importlib._bootstrap>", line 488, in _call_with_frames_removed
  File "/opt/airflow/dags/crawl_search_page.py", line 5, in <module>
    from job_crawler.beautifulsoup.crawl_search_page import crawl_multiple_keywords
ModuleNotFoundError: No module named 'job_crawler'
[2025-11-20T16:21:11.268+0000] {processor.py:927} WARNING - No viable dags retrieved from /opt/airflow/dags/crawl_search_page.py
[2025-11-20T16:21:11.285+0000] {processor.py:208} INFO - Processing /opt/airflow/dags/crawl_search_page.py took 0.039 seconds
[2025-11-20T16:21:41.619+0000] {processor.py:186} INFO - Started process (PID=369) to work on /opt/airflow/dags/crawl_search_page.py
[2025-11-20T16:21:41.620+0000] {processor.py:914} INFO - Processing file /opt/airflow/dags/crawl_search_page.py for tasks to queue
[2025-11-20T16:21:41.623+0000] {logging_mixin.py:190} INFO - [2025-11-20T16:21:41.622+0000] {dagbag.py:588} INFO - Filling up the DagBag from /opt/airflow/dags/crawl_search_page.py
[2025-11-20T16:21:41.638+0000] {logging_mixin.py:190} INFO - [2025-11-20T16:21:41.635+0000] {dagbag.py:387} ERROR - Failed to import: /opt/airflow/dags/crawl_search_page.py
Traceback (most recent call last):
  File "/home/airflow/.local/lib/python3.12/site-packages/airflow/models/dagbag.py", line 383, in parse
    loader.exec_module(new_module)
  File "<frozen importlib._bootstrap_external>", line 999, in exec_module
  File "<frozen importlib._bootstrap>", line 488, in _call_with_frames_removed
  File "/opt/airflow/dags/crawl_search_page.py", line 5, in <module>
    from job_crawler.beautifulsoup.crawl_search_page import crawl_multiple_keywords
ModuleNotFoundError: No module named 'job_crawler'
[2025-11-20T16:21:41.639+0000] {processor.py:927} WARNING - No viable dags retrieved from /opt/airflow/dags/crawl_search_page.py
[2025-11-20T16:21:41.655+0000] {processor.py:208} INFO - Processing /opt/airflow/dags/crawl_search_page.py took 0.042 seconds
[2025-11-20T16:22:11.949+0000] {processor.py:186} INFO - Started process (PID=380) to work on /opt/airflow/dags/crawl_search_page.py
[2025-11-20T16:22:11.950+0000] {processor.py:914} INFO - Processing file /opt/airflow/dags/crawl_search_page.py for tasks to queue
[2025-11-20T16:22:11.952+0000] {logging_mixin.py:190} INFO - [2025-11-20T16:22:11.952+0000] {dagbag.py:588} INFO - Filling up the DagBag from /opt/airflow/dags/crawl_search_page.py
[2025-11-20T16:22:11.966+0000] {logging_mixin.py:190} INFO - [2025-11-20T16:22:11.963+0000] {dagbag.py:387} ERROR - Failed to import: /opt/airflow/dags/crawl_search_page.py
Traceback (most recent call last):
  File "/home/airflow/.local/lib/python3.12/site-packages/airflow/models/dagbag.py", line 383, in parse
    loader.exec_module(new_module)
  File "<frozen importlib._bootstrap_external>", line 999, in exec_module
  File "<frozen importlib._bootstrap>", line 488, in _call_with_frames_removed
  File "/opt/airflow/dags/crawl_search_page.py", line 5, in <module>
    from job_crawler.beautifulsoup.crawl_search_page import crawl_multiple_keywords
ModuleNotFoundError: No module named 'job_crawler'
[2025-11-20T16:22:11.968+0000] {processor.py:927} WARNING - No viable dags retrieved from /opt/airflow/dags/crawl_search_page.py
[2025-11-20T16:22:11.985+0000] {processor.py:208} INFO - Processing /opt/airflow/dags/crawl_search_page.py took 0.041 seconds
[2025-11-20T16:22:42.325+0000] {processor.py:186} INFO - Started process (PID=391) to work on /opt/airflow/dags/crawl_search_page.py
[2025-11-20T16:22:42.326+0000] {processor.py:914} INFO - Processing file /opt/airflow/dags/crawl_search_page.py for tasks to queue
[2025-11-20T16:22:42.327+0000] {logging_mixin.py:190} INFO - [2025-11-20T16:22:42.327+0000] {dagbag.py:588} INFO - Filling up the DagBag from /opt/airflow/dags/crawl_search_page.py
[2025-11-20T16:22:42.340+0000] {logging_mixin.py:190} INFO - [2025-11-20T16:22:42.338+0000] {dagbag.py:387} ERROR - Failed to import: /opt/airflow/dags/crawl_search_page.py
Traceback (most recent call last):
  File "/home/airflow/.local/lib/python3.12/site-packages/airflow/models/dagbag.py", line 383, in parse
    loader.exec_module(new_module)
  File "<frozen importlib._bootstrap_external>", line 999, in exec_module
  File "<frozen importlib._bootstrap>", line 488, in _call_with_frames_removed
  File "/opt/airflow/dags/crawl_search_page.py", line 5, in <module>
    from job_crawler.beautifulsoup.crawl_search_page import crawl_multiple_keywords
ModuleNotFoundError: No module named 'job_crawler'
[2025-11-20T16:22:42.341+0000] {processor.py:927} WARNING - No viable dags retrieved from /opt/airflow/dags/crawl_search_page.py
[2025-11-20T16:22:42.359+0000] {processor.py:208} INFO - Processing /opt/airflow/dags/crawl_search_page.py took 0.040 seconds
[2025-11-20T16:23:12.736+0000] {processor.py:186} INFO - Started process (PID=402) to work on /opt/airflow/dags/crawl_search_page.py
[2025-11-20T16:23:12.736+0000] {processor.py:914} INFO - Processing file /opt/airflow/dags/crawl_search_page.py for tasks to queue
[2025-11-20T16:23:12.738+0000] {logging_mixin.py:190} INFO - [2025-11-20T16:23:12.738+0000] {dagbag.py:588} INFO - Filling up the DagBag from /opt/airflow/dags/crawl_search_page.py
[2025-11-20T16:23:12.750+0000] {logging_mixin.py:190} INFO - [2025-11-20T16:23:12.747+0000] {dagbag.py:387} ERROR - Failed to import: /opt/airflow/dags/crawl_search_page.py
Traceback (most recent call last):
  File "/home/airflow/.local/lib/python3.12/site-packages/airflow/models/dagbag.py", line 383, in parse
    loader.exec_module(new_module)
  File "<frozen importlib._bootstrap_external>", line 999, in exec_module
  File "<frozen importlib._bootstrap>", line 488, in _call_with_frames_removed
  File "/opt/airflow/dags/crawl_search_page.py", line 5, in <module>
    from job_crawler.beautifulsoup.crawl_search_page import crawl_multiple_keywords
ModuleNotFoundError: No module named 'job_crawler'
[2025-11-20T16:23:12.751+0000] {processor.py:927} WARNING - No viable dags retrieved from /opt/airflow/dags/crawl_search_page.py
[2025-11-20T16:23:12.767+0000] {processor.py:208} INFO - Processing /opt/airflow/dags/crawl_search_page.py took 0.037 seconds
[2025-11-20T16:23:43.130+0000] {processor.py:186} INFO - Started process (PID=413) to work on /opt/airflow/dags/crawl_search_page.py
[2025-11-20T16:23:43.131+0000] {processor.py:914} INFO - Processing file /opt/airflow/dags/crawl_search_page.py for tasks to queue
[2025-11-20T16:23:43.133+0000] {logging_mixin.py:190} INFO - [2025-11-20T16:23:43.133+0000] {dagbag.py:588} INFO - Filling up the DagBag from /opt/airflow/dags/crawl_search_page.py
[2025-11-20T16:23:43.144+0000] {logging_mixin.py:190} INFO - [2025-11-20T16:23:43.142+0000] {dagbag.py:387} ERROR - Failed to import: /opt/airflow/dags/crawl_search_page.py
Traceback (most recent call last):
  File "/home/airflow/.local/lib/python3.12/site-packages/airflow/models/dagbag.py", line 383, in parse
    loader.exec_module(new_module)
  File "<frozen importlib._bootstrap_external>", line 999, in exec_module
  File "<frozen importlib._bootstrap>", line 488, in _call_with_frames_removed
  File "/opt/airflow/dags/crawl_search_page.py", line 5, in <module>
    from job_crawler.beautifulsoup.crawl_search_page import crawl_multiple_keywords
ModuleNotFoundError: No module named 'job_crawler'
[2025-11-20T16:23:43.146+0000] {processor.py:927} WARNING - No viable dags retrieved from /opt/airflow/dags/crawl_search_page.py
[2025-11-20T16:23:43.161+0000] {processor.py:208} INFO - Processing /opt/airflow/dags/crawl_search_page.py took 0.036 seconds
[2025-11-20T16:24:13.509+0000] {processor.py:186} INFO - Started process (PID=424) to work on /opt/airflow/dags/crawl_search_page.py
[2025-11-20T16:24:13.510+0000] {processor.py:914} INFO - Processing file /opt/airflow/dags/crawl_search_page.py for tasks to queue
[2025-11-20T16:24:13.513+0000] {logging_mixin.py:190} INFO - [2025-11-20T16:24:13.513+0000] {dagbag.py:588} INFO - Filling up the DagBag from /opt/airflow/dags/crawl_search_page.py
[2025-11-20T16:24:13.527+0000] {logging_mixin.py:190} INFO - [2025-11-20T16:24:13.524+0000] {dagbag.py:387} ERROR - Failed to import: /opt/airflow/dags/crawl_search_page.py
Traceback (most recent call last):
  File "/home/airflow/.local/lib/python3.12/site-packages/airflow/models/dagbag.py", line 383, in parse
    loader.exec_module(new_module)
  File "<frozen importlib._bootstrap_external>", line 999, in exec_module
  File "<frozen importlib._bootstrap>", line 488, in _call_with_frames_removed
  File "/opt/airflow/dags/crawl_search_page.py", line 5, in <module>
    from job_crawler.beautifulsoup.crawl_search_page import crawl_multiple_keywords
ModuleNotFoundError: No module named 'job_crawler'
[2025-11-20T16:24:13.528+0000] {processor.py:927} WARNING - No viable dags retrieved from /opt/airflow/dags/crawl_search_page.py
[2025-11-20T16:24:13.544+0000] {processor.py:208} INFO - Processing /opt/airflow/dags/crawl_search_page.py took 0.039 seconds
[2025-11-20T16:24:43.851+0000] {processor.py:186} INFO - Started process (PID=435) to work on /opt/airflow/dags/crawl_search_page.py
[2025-11-20T16:24:43.851+0000] {processor.py:914} INFO - Processing file /opt/airflow/dags/crawl_search_page.py for tasks to queue
[2025-11-20T16:24:43.854+0000] {logging_mixin.py:190} INFO - [2025-11-20T16:24:43.854+0000] {dagbag.py:588} INFO - Filling up the DagBag from /opt/airflow/dags/crawl_search_page.py
[2025-11-20T16:24:43.865+0000] {logging_mixin.py:190} INFO - [2025-11-20T16:24:43.862+0000] {dagbag.py:387} ERROR - Failed to import: /opt/airflow/dags/crawl_search_page.py
Traceback (most recent call last):
  File "/home/airflow/.local/lib/python3.12/site-packages/airflow/models/dagbag.py", line 383, in parse
    loader.exec_module(new_module)
  File "<frozen importlib._bootstrap_external>", line 999, in exec_module
  File "<frozen importlib._bootstrap>", line 488, in _call_with_frames_removed
  File "/opt/airflow/dags/crawl_search_page.py", line 5, in <module>
    from job_crawler.beautifulsoup.crawl_search_page import crawl_multiple_keywords
ModuleNotFoundError: No module named 'job_crawler'
[2025-11-20T16:24:43.866+0000] {processor.py:927} WARNING - No viable dags retrieved from /opt/airflow/dags/crawl_search_page.py
[2025-11-20T16:24:43.881+0000] {processor.py:208} INFO - Processing /opt/airflow/dags/crawl_search_page.py took 0.036 seconds
[2025-11-20T16:25:14.175+0000] {processor.py:186} INFO - Started process (PID=446) to work on /opt/airflow/dags/crawl_search_page.py
[2025-11-20T16:25:14.175+0000] {processor.py:914} INFO - Processing file /opt/airflow/dags/crawl_search_page.py for tasks to queue
[2025-11-20T16:25:14.178+0000] {logging_mixin.py:190} INFO - [2025-11-20T16:25:14.178+0000] {dagbag.py:588} INFO - Filling up the DagBag from /opt/airflow/dags/crawl_search_page.py
[2025-11-20T16:25:14.198+0000] {logging_mixin.py:190} INFO - [2025-11-20T16:25:14.195+0000] {dagbag.py:387} ERROR - Failed to import: /opt/airflow/dags/crawl_search_page.py
Traceback (most recent call last):
  File "/home/airflow/.local/lib/python3.12/site-packages/airflow/models/dagbag.py", line 383, in parse
    loader.exec_module(new_module)
  File "<frozen importlib._bootstrap_external>", line 999, in exec_module
  File "<frozen importlib._bootstrap>", line 488, in _call_with_frames_removed
  File "/opt/airflow/dags/crawl_search_page.py", line 5, in <module>
    from job_crawler.beautifulsoup.crawl_search_page import crawl_multiple_keywords
ModuleNotFoundError: No module named 'job_crawler'
[2025-11-20T16:25:14.200+0000] {processor.py:927} WARNING - No viable dags retrieved from /opt/airflow/dags/crawl_search_page.py
[2025-11-20T16:25:14.224+0000] {processor.py:208} INFO - Processing /opt/airflow/dags/crawl_search_page.py took 0.055 seconds
[2025-11-20T16:25:44.551+0000] {processor.py:186} INFO - Started process (PID=457) to work on /opt/airflow/dags/crawl_search_page.py
[2025-11-20T16:25:44.552+0000] {processor.py:914} INFO - Processing file /opt/airflow/dags/crawl_search_page.py for tasks to queue
[2025-11-20T16:25:44.554+0000] {logging_mixin.py:190} INFO - [2025-11-20T16:25:44.554+0000] {dagbag.py:588} INFO - Filling up the DagBag from /opt/airflow/dags/crawl_search_page.py
[2025-11-20T16:25:44.565+0000] {logging_mixin.py:190} INFO - [2025-11-20T16:25:44.563+0000] {dagbag.py:387} ERROR - Failed to import: /opt/airflow/dags/crawl_search_page.py
Traceback (most recent call last):
  File "/home/airflow/.local/lib/python3.12/site-packages/airflow/models/dagbag.py", line 383, in parse
    loader.exec_module(new_module)
  File "<frozen importlib._bootstrap_external>", line 999, in exec_module
  File "<frozen importlib._bootstrap>", line 488, in _call_with_frames_removed
  File "/opt/airflow/dags/crawl_search_page.py", line 5, in <module>
    from job_crawler.beautifulsoup.crawl_search_page import crawl_multiple_keywords
ModuleNotFoundError: No module named 'job_crawler'
[2025-11-20T16:25:44.566+0000] {processor.py:927} WARNING - No viable dags retrieved from /opt/airflow/dags/crawl_search_page.py
[2025-11-20T16:25:44.582+0000] {processor.py:208} INFO - Processing /opt/airflow/dags/crawl_search_page.py took 0.036 seconds
[2025-11-20T16:26:14.895+0000] {processor.py:186} INFO - Started process (PID=468) to work on /opt/airflow/dags/crawl_search_page.py
[2025-11-20T16:26:14.896+0000] {processor.py:914} INFO - Processing file /opt/airflow/dags/crawl_search_page.py for tasks to queue
[2025-11-20T16:26:14.898+0000] {logging_mixin.py:190} INFO - [2025-11-20T16:26:14.897+0000] {dagbag.py:588} INFO - Filling up the DagBag from /opt/airflow/dags/crawl_search_page.py
[2025-11-20T16:26:14.917+0000] {logging_mixin.py:190} INFO - [2025-11-20T16:26:14.915+0000] {dagbag.py:387} ERROR - Failed to import: /opt/airflow/dags/crawl_search_page.py
Traceback (most recent call last):
  File "/home/airflow/.local/lib/python3.12/site-packages/airflow/models/dagbag.py", line 383, in parse
    loader.exec_module(new_module)
  File "<frozen importlib._bootstrap_external>", line 999, in exec_module
  File "<frozen importlib._bootstrap>", line 488, in _call_with_frames_removed
  File "/opt/airflow/dags/crawl_search_page.py", line 5, in <module>
    from job_crawler.beautifulsoup.crawl_search_page import crawl_multiple_keywords
ModuleNotFoundError: No module named 'job_crawler'
[2025-11-20T16:26:14.918+0000] {processor.py:927} WARNING - No viable dags retrieved from /opt/airflow/dags/crawl_search_page.py
[2025-11-20T16:26:14.934+0000] {processor.py:208} INFO - Processing /opt/airflow/dags/crawl_search_page.py took 0.044 seconds
[2025-11-20T16:26:45.268+0000] {processor.py:186} INFO - Started process (PID=479) to work on /opt/airflow/dags/crawl_search_page.py
[2025-11-20T16:26:45.268+0000] {processor.py:914} INFO - Processing file /opt/airflow/dags/crawl_search_page.py for tasks to queue
[2025-11-20T16:26:45.271+0000] {logging_mixin.py:190} INFO - [2025-11-20T16:26:45.271+0000] {dagbag.py:588} INFO - Filling up the DagBag from /opt/airflow/dags/crawl_search_page.py
[2025-11-20T16:26:45.282+0000] {logging_mixin.py:190} INFO - [2025-11-20T16:26:45.279+0000] {dagbag.py:387} ERROR - Failed to import: /opt/airflow/dags/crawl_search_page.py
Traceback (most recent call last):
  File "/home/airflow/.local/lib/python3.12/site-packages/airflow/models/dagbag.py", line 383, in parse
    loader.exec_module(new_module)
  File "<frozen importlib._bootstrap_external>", line 999, in exec_module
  File "<frozen importlib._bootstrap>", line 488, in _call_with_frames_removed
  File "/opt/airflow/dags/crawl_search_page.py", line 5, in <module>
    from job_crawler.beautifulsoup.crawl_search_page import crawl_multiple_keywords
ModuleNotFoundError: No module named 'job_crawler'
[2025-11-20T16:26:45.283+0000] {processor.py:927} WARNING - No viable dags retrieved from /opt/airflow/dags/crawl_search_page.py
[2025-11-20T16:26:45.300+0000] {processor.py:208} INFO - Processing /opt/airflow/dags/crawl_search_page.py took 0.038 seconds
[2025-11-20T16:27:15.656+0000] {processor.py:186} INFO - Started process (PID=490) to work on /opt/airflow/dags/crawl_search_page.py
[2025-11-20T16:27:15.657+0000] {processor.py:914} INFO - Processing file /opt/airflow/dags/crawl_search_page.py for tasks to queue
[2025-11-20T16:27:15.659+0000] {logging_mixin.py:190} INFO - [2025-11-20T16:27:15.659+0000] {dagbag.py:588} INFO - Filling up the DagBag from /opt/airflow/dags/crawl_search_page.py
[2025-11-20T16:27:15.674+0000] {logging_mixin.py:190} INFO - [2025-11-20T16:27:15.671+0000] {dagbag.py:387} ERROR - Failed to import: /opt/airflow/dags/crawl_search_page.py
Traceback (most recent call last):
  File "/home/airflow/.local/lib/python3.12/site-packages/airflow/models/dagbag.py", line 383, in parse
    loader.exec_module(new_module)
  File "<frozen importlib._bootstrap_external>", line 999, in exec_module
  File "<frozen importlib._bootstrap>", line 488, in _call_with_frames_removed
  File "/opt/airflow/dags/crawl_search_page.py", line 5, in <module>
    from job_crawler.beautifulsoup.crawl_search_page import crawl_multiple_keywords
ModuleNotFoundError: No module named 'job_crawler'
[2025-11-20T16:27:15.676+0000] {processor.py:927} WARNING - No viable dags retrieved from /opt/airflow/dags/crawl_search_page.py
[2025-11-20T16:27:15.692+0000] {processor.py:208} INFO - Processing /opt/airflow/dags/crawl_search_page.py took 0.042 seconds
[2025-11-20T16:27:46.029+0000] {processor.py:186} INFO - Started process (PID=501) to work on /opt/airflow/dags/crawl_search_page.py
[2025-11-20T16:27:46.030+0000] {processor.py:914} INFO - Processing file /opt/airflow/dags/crawl_search_page.py for tasks to queue
[2025-11-20T16:27:46.032+0000] {logging_mixin.py:190} INFO - [2025-11-20T16:27:46.031+0000] {dagbag.py:588} INFO - Filling up the DagBag from /opt/airflow/dags/crawl_search_page.py
[2025-11-20T16:27:46.043+0000] {logging_mixin.py:190} INFO - [2025-11-20T16:27:46.040+0000] {dagbag.py:387} ERROR - Failed to import: /opt/airflow/dags/crawl_search_page.py
Traceback (most recent call last):
  File "/home/airflow/.local/lib/python3.12/site-packages/airflow/models/dagbag.py", line 383, in parse
    loader.exec_module(new_module)
  File "<frozen importlib._bootstrap_external>", line 999, in exec_module
  File "<frozen importlib._bootstrap>", line 488, in _call_with_frames_removed
  File "/opt/airflow/dags/crawl_search_page.py", line 5, in <module>
    from job_crawler.beautifulsoup.crawl_search_page import crawl_multiple_keywords
ModuleNotFoundError: No module named 'job_crawler'
[2025-11-20T16:27:46.044+0000] {processor.py:927} WARNING - No viable dags retrieved from /opt/airflow/dags/crawl_search_page.py
[2025-11-20T16:27:46.060+0000] {processor.py:208} INFO - Processing /opt/airflow/dags/crawl_search_page.py took 0.036 seconds
[2025-11-20T16:28:16.413+0000] {processor.py:186} INFO - Started process (PID=512) to work on /opt/airflow/dags/crawl_search_page.py
[2025-11-20T16:28:16.414+0000] {processor.py:914} INFO - Processing file /opt/airflow/dags/crawl_search_page.py for tasks to queue
[2025-11-20T16:28:16.416+0000] {logging_mixin.py:190} INFO - [2025-11-20T16:28:16.416+0000] {dagbag.py:588} INFO - Filling up the DagBag from /opt/airflow/dags/crawl_search_page.py
[2025-11-20T16:28:16.428+0000] {logging_mixin.py:190} INFO - [2025-11-20T16:28:16.425+0000] {dagbag.py:387} ERROR - Failed to import: /opt/airflow/dags/crawl_search_page.py
Traceback (most recent call last):
  File "/home/airflow/.local/lib/python3.12/site-packages/airflow/models/dagbag.py", line 383, in parse
    loader.exec_module(new_module)
  File "<frozen importlib._bootstrap_external>", line 999, in exec_module
  File "<frozen importlib._bootstrap>", line 488, in _call_with_frames_removed
  File "/opt/airflow/dags/crawl_search_page.py", line 5, in <module>
    from job_crawler.beautifulsoup.crawl_search_page import crawl_multiple_keywords
ModuleNotFoundError: No module named 'job_crawler'
[2025-11-20T16:28:16.429+0000] {processor.py:927} WARNING - No viable dags retrieved from /opt/airflow/dags/crawl_search_page.py
[2025-11-20T16:28:16.446+0000] {processor.py:208} INFO - Processing /opt/airflow/dags/crawl_search_page.py took 0.037 seconds
[2025-11-20T16:28:46.801+0000] {processor.py:186} INFO - Started process (PID=523) to work on /opt/airflow/dags/crawl_search_page.py
[2025-11-20T16:28:46.801+0000] {processor.py:914} INFO - Processing file /opt/airflow/dags/crawl_search_page.py for tasks to queue
[2025-11-20T16:28:46.804+0000] {logging_mixin.py:190} INFO - [2025-11-20T16:28:46.803+0000] {dagbag.py:588} INFO - Filling up the DagBag from /opt/airflow/dags/crawl_search_page.py
[2025-11-20T16:28:46.814+0000] {logging_mixin.py:190} INFO - [2025-11-20T16:28:46.811+0000] {dagbag.py:387} ERROR - Failed to import: /opt/airflow/dags/crawl_search_page.py
Traceback (most recent call last):
  File "/home/airflow/.local/lib/python3.12/site-packages/airflow/models/dagbag.py", line 383, in parse
    loader.exec_module(new_module)
  File "<frozen importlib._bootstrap_external>", line 999, in exec_module
  File "<frozen importlib._bootstrap>", line 488, in _call_with_frames_removed
  File "/opt/airflow/dags/crawl_search_page.py", line 5, in <module>
    from job_crawler.beautifulsoup.crawl_search_page import crawl_multiple_keywords
ModuleNotFoundError: No module named 'job_crawler'
[2025-11-20T16:28:46.815+0000] {processor.py:927} WARNING - No viable dags retrieved from /opt/airflow/dags/crawl_search_page.py
[2025-11-20T16:28:46.830+0000] {processor.py:208} INFO - Processing /opt/airflow/dags/crawl_search_page.py took 0.034 seconds
