[2025-11-20T16:13:35.082+0000] {manager.py:483} INFO - Processing files using up to 2 processes at a time 
[2025-11-20T16:13:35.083+0000] {manager.py:484} INFO - Process each file at most once every 30 seconds
[2025-11-20T16:13:35.084+0000] {manager.py:485} INFO - Checking for new files in /opt/airflow/dags every 300 seconds
[2025-11-20T16:13:35.084+0000] {manager.py:821} INFO - Searching for files in /opt/airflow/dags
[2025-11-20T16:13:35.174+0000] {manager.py:824} INFO - There are 1 files in /opt/airflow/dags
[2025-11-20T16:13:35.494+0000] {manager.py:997} INFO - 
================================================================================
DAG File Processing Stats

File Path                                 PID  Runtime      # DAGs    # Errors  Last Runtime    Last Run      Last # of DB Queries
--------------------------------------  -----  ---------  --------  ----------  --------------  ----------  ----------------------
/opt/airflow/dags/crawl_search_page.py    187  0.04s             0           0                                                   0
================================================================================
[2025-11-20T16:14:05.773+0000] {manager.py:997} INFO - 
================================================================================
DAG File Processing Stats

File Path                                 PID  Runtime      # DAGs    # Errors  Last Runtime    Last Run               Last # of DB Queries
--------------------------------------  -----  ---------  --------  ----------  --------------  -------------------  ----------------------
/opt/airflow/dags/crawl_search_page.py    198  0.01s             0           1  0.12s           2025-11-20T16:13:35                       5
================================================================================
[2025-11-20T16:14:36.253+0000] {manager.py:997} INFO - 
================================================================================
DAG File Processing Stats

File Path                                 PID  Runtime      # DAGs    # Errors  Last Runtime    Last Run               Last # of DB Queries
--------------------------------------  -----  ---------  --------  ----------  --------------  -------------------  ----------------------
/opt/airflow/dags/crawl_search_page.py    209  0.01s             0           1  0.07s           2025-11-20T16:14:05                       5
================================================================================
[2025-11-20T16:15:06.670+0000] {manager.py:997} INFO - 
================================================================================
DAG File Processing Stats

File Path                                 PID  Runtime      # DAGs    # Errors  Last Runtime    Last Run               Last # of DB Queries
--------------------------------------  -----  ---------  --------  ----------  --------------  -------------------  ----------------------
/opt/airflow/dags/crawl_search_page.py    220  0.00s             0           1  0.08s           2025-11-20T16:14:36                       5
================================================================================
[2025-11-20T16:15:37.092+0000] {manager.py:997} INFO - 
================================================================================
DAG File Processing Stats

File Path                                 PID  Runtime      # DAGs    # Errors  Last Runtime    Last Run               Last # of DB Queries
--------------------------------------  -----  ---------  --------  ----------  --------------  -------------------  ----------------------
/opt/airflow/dags/crawl_search_page.py    231  0.00s             0           1  0.07s           2025-11-20T16:15:06                       5
================================================================================
[2025-11-20T16:16:07.457+0000] {manager.py:997} INFO - 
================================================================================
DAG File Processing Stats

File Path                                 PID  Runtime      # DAGs    # Errors  Last Runtime    Last Run               Last # of DB Queries
--------------------------------------  -----  ---------  --------  ----------  --------------  -------------------  ----------------------
/opt/airflow/dags/crawl_search_page.py    242  0.00s             0           1  0.06s           2025-11-20T16:15:37                       5
================================================================================
[2025-11-20T16:16:37.884+0000] {manager.py:997} INFO - 
================================================================================
DAG File Processing Stats

File Path                                 PID  Runtime      # DAGs    # Errors  Last Runtime    Last Run               Last # of DB Queries
--------------------------------------  -----  ---------  --------  ----------  --------------  -------------------  ----------------------
/opt/airflow/dags/crawl_search_page.py    253  0.01s             0           1  0.07s           2025-11-20T16:16:07                       5
================================================================================
[2025-11-20T16:17:08.194+0000] {manager.py:997} INFO - 
================================================================================
DAG File Processing Stats

File Path                                 PID  Runtime      # DAGs    # Errors  Last Runtime    Last Run               Last # of DB Queries
--------------------------------------  -----  ---------  --------  ----------  --------------  -------------------  ----------------------
/opt/airflow/dags/crawl_search_page.py    264  0.00s             0           1  0.10s           2025-11-20T16:16:37                       5
================================================================================
[2025-11-20T16:17:38.595+0000] {manager.py:997} INFO - 
================================================================================
DAG File Processing Stats

File Path                                 PID  Runtime      # DAGs    # Errors  Last Runtime    Last Run               Last # of DB Queries
--------------------------------------  -----  ---------  --------  ----------  --------------  -------------------  ----------------------
/opt/airflow/dags/crawl_search_page.py    275  0.00s             0           1  0.07s           2025-11-20T16:17:08                       5
================================================================================
[2025-11-20T16:18:08.985+0000] {manager.py:997} INFO - 
================================================================================
DAG File Processing Stats

File Path                                 PID  Runtime      # DAGs    # Errors  Last Runtime    Last Run               Last # of DB Queries
--------------------------------------  -----  ---------  --------  ----------  --------------  -------------------  ----------------------
/opt/airflow/dags/crawl_search_page.py    286  0.00s             0           1  0.07s           2025-11-20T16:17:38                       5
================================================================================
[2025-11-20T16:18:35.275+0000] {manager.py:821} INFO - Searching for files in /opt/airflow/dags
[2025-11-20T16:18:35.295+0000] {manager.py:824} INFO - There are 1 files in /opt/airflow/dags
[2025-11-20T16:18:39.391+0000] {manager.py:997} INFO - 
================================================================================
DAG File Processing Stats

File Path                                 PID  Runtime      # DAGs    # Errors  Last Runtime    Last Run               Last # of DB Queries
--------------------------------------  -----  ---------  --------  ----------  --------------  -------------------  ----------------------
/opt/airflow/dags/crawl_search_page.py    297  0.00s             0           1  0.07s           2025-11-20T16:18:09                       5
================================================================================
[2025-11-20T16:19:09.750+0000] {manager.py:997} INFO - 
================================================================================
DAG File Processing Stats

File Path                                 PID  Runtime      # DAGs    # Errors  Last Runtime    Last Run               Last # of DB Queries
--------------------------------------  -----  ---------  --------  ----------  --------------  -------------------  ----------------------
/opt/airflow/dags/crawl_search_page.py    314  0.00s             0           1  0.06s           2025-11-20T16:18:39                       5
================================================================================
[2025-11-20T16:19:40.115+0000] {manager.py:997} INFO - 
================================================================================
DAG File Processing Stats

File Path                                 PID  Runtime      # DAGs    # Errors  Last Runtime    Last Run               Last # of DB Queries
--------------------------------------  -----  ---------  --------  ----------  --------------  -------------------  ----------------------
/opt/airflow/dags/crawl_search_page.py    325  0.00s             0           1  0.07s           2025-11-20T16:19:09                       5
================================================================================
[2025-11-20T16:20:10.509+0000] {manager.py:997} INFO - 
================================================================================
DAG File Processing Stats

File Path                                 PID  Runtime      # DAGs    # Errors  Last Runtime    Last Run               Last # of DB Queries
--------------------------------------  -----  ---------  --------  ----------  --------------  -------------------  ----------------------
/opt/airflow/dags/crawl_search_page.py    336  0.01s             0           1  0.06s           2025-11-20T16:19:40                       5
================================================================================
[2025-11-20T16:20:40.889+0000] {manager.py:997} INFO - 
================================================================================
DAG File Processing Stats

File Path                                 PID  Runtime      # DAGs    # Errors  Last Runtime    Last Run               Last # of DB Queries
--------------------------------------  -----  ---------  --------  ----------  --------------  -------------------  ----------------------
/opt/airflow/dags/crawl_search_page.py    347  0.00s             0           1  0.07s           2025-11-20T16:20:10                       5
================================================================================
[2025-11-20T16:21:11.228+0000] {manager.py:997} INFO - 
================================================================================
DAG File Processing Stats

File Path                                 PID  Runtime      # DAGs    # Errors  Last Runtime    Last Run               Last # of DB Queries
--------------------------------------  -----  ---------  --------  ----------  --------------  -------------------  ----------------------
/opt/airflow/dags/crawl_search_page.py    358  0.00s             0           1  0.09s           2025-11-20T16:20:40                       5
================================================================================
[2025-11-20T16:21:41.605+0000] {manager.py:997} INFO - 
================================================================================
DAG File Processing Stats

File Path                                 PID  Runtime      # DAGs    # Errors  Last Runtime    Last Run               Last # of DB Queries
--------------------------------------  -----  ---------  --------  ----------  --------------  -------------------  ----------------------
/opt/airflow/dags/crawl_search_page.py    369  0.00s             0           1  0.07s           2025-11-20T16:21:11                       5
================================================================================
[2025-11-20T16:22:11.935+0000] {manager.py:997} INFO - 
================================================================================
DAG File Processing Stats

File Path                                 PID  Runtime      # DAGs    # Errors  Last Runtime    Last Run               Last # of DB Queries
--------------------------------------  -----  ---------  --------  ----------  --------------  -------------------  ----------------------
/opt/airflow/dags/crawl_search_page.py    380  0.00s             0           1  0.06s           2025-11-20T16:21:41                       5
================================================================================
[2025-11-20T16:22:42.310+0000] {manager.py:997} INFO - 
================================================================================
DAG File Processing Stats

File Path                                 PID  Runtime      # DAGs    # Errors  Last Runtime    Last Run               Last # of DB Queries
--------------------------------------  -----  ---------  --------  ----------  --------------  -------------------  ----------------------
/opt/airflow/dags/crawl_search_page.py    391  0.00s             0           1  0.06s           2025-11-20T16:22:11                       5
================================================================================
[2025-11-20T16:23:12.713+0000] {manager.py:997} INFO - 
================================================================================
DAG File Processing Stats

File Path                                 PID  Runtime      # DAGs    # Errors  Last Runtime    Last Run               Last # of DB Queries
--------------------------------------  -----  ---------  --------  ----------  --------------  -------------------  ----------------------
/opt/airflow/dags/crawl_search_page.py    402  0.00s             0           1  0.06s           2025-11-20T16:22:42                       5
================================================================================
[2025-11-20T16:23:35.974+0000] {manager.py:821} INFO - Searching for files in /opt/airflow/dags
[2025-11-20T16:23:35.998+0000] {manager.py:824} INFO - There are 1 files in /opt/airflow/dags
[2025-11-20T16:23:43.116+0000] {manager.py:997} INFO - 
================================================================================
DAG File Processing Stats

File Path                                 PID  Runtime      # DAGs    # Errors  Last Runtime    Last Run               Last # of DB Queries
--------------------------------------  -----  ---------  --------  ----------  --------------  -------------------  ----------------------
/opt/airflow/dags/crawl_search_page.py    413  0.00s             0           1  0.06s           2025-11-20T16:23:12                       5
================================================================================
[2025-11-20T16:24:13.486+0000] {manager.py:997} INFO - 
================================================================================
DAG File Processing Stats

File Path                                 PID  Runtime      # DAGs    # Errors  Last Runtime    Last Run               Last # of DB Queries
--------------------------------------  -----  ---------  --------  ----------  --------------  -------------------  ----------------------
/opt/airflow/dags/crawl_search_page.py    424  0.00s             0           1  0.06s           2025-11-20T16:23:43                       5
================================================================================
[2025-11-20T16:24:43.835+0000] {manager.py:997} INFO - 
================================================================================
DAG File Processing Stats

File Path                                 PID  Runtime      # DAGs    # Errors  Last Runtime    Last Run               Last # of DB Queries
--------------------------------------  -----  ---------  --------  ----------  --------------  -------------------  ----------------------
/opt/airflow/dags/crawl_search_page.py    435  0.00s             0           1  0.07s           2025-11-20T16:24:13                       5
================================================================================
[2025-11-20T16:25:14.159+0000] {manager.py:997} INFO - 
================================================================================
DAG File Processing Stats

File Path                                 PID  Runtime      # DAGs    # Errors  Last Runtime    Last Run               Last # of DB Queries
--------------------------------------  -----  ---------  --------  ----------  --------------  -------------------  ----------------------
/opt/airflow/dags/crawl_search_page.py    446  0.00s             0           1  0.06s           2025-11-20T16:24:43                       5
================================================================================
[2025-11-20T16:25:44.534+0000] {manager.py:997} INFO - 
================================================================================
DAG File Processing Stats

File Path                                 PID  Runtime      # DAGs    # Errors  Last Runtime    Last Run               Last # of DB Queries
--------------------------------------  -----  ---------  --------  ----------  --------------  -------------------  ----------------------
/opt/airflow/dags/crawl_search_page.py    457  0.00s             0           1  0.08s           2025-11-20T16:25:14                       5
================================================================================
[2025-11-20T16:26:14.880+0000] {manager.py:997} INFO - 
================================================================================
DAG File Processing Stats

File Path                                 PID  Runtime      # DAGs    # Errors  Last Runtime    Last Run               Last # of DB Queries
--------------------------------------  -----  ---------  --------  ----------  --------------  -------------------  ----------------------
/opt/airflow/dags/crawl_search_page.py    468  0.00s             0           1  0.06s           2025-11-20T16:25:44                       5
================================================================================
[2025-11-20T16:26:45.239+0000] {manager.py:997} INFO - 
================================================================================
DAG File Processing Stats

File Path                                 PID  Runtime      # DAGs    # Errors  Last Runtime    Last Run               Last # of DB Queries
--------------------------------------  -----  ---------  --------  ----------  --------------  -------------------  ----------------------
/opt/airflow/dags/crawl_search_page.py    479  0.00s             0           1  0.06s           2025-11-20T16:26:14                       5
================================================================================
[2025-11-20T16:27:15.635+0000] {manager.py:997} INFO - 
================================================================================
DAG File Processing Stats

File Path                                 PID  Runtime      # DAGs    # Errors  Last Runtime    Last Run               Last # of DB Queries
--------------------------------------  -----  ---------  --------  ----------  --------------  -------------------  ----------------------
/opt/airflow/dags/crawl_search_page.py    490  0.00s             0           1  0.07s           2025-11-20T16:26:45                       5
================================================================================
[2025-11-20T16:27:46.015+0000] {manager.py:997} INFO - 
================================================================================
DAG File Processing Stats

File Path                                 PID  Runtime      # DAGs    # Errors  Last Runtime    Last Run               Last # of DB Queries
--------------------------------------  -----  ---------  --------  ----------  --------------  -------------------  ----------------------
/opt/airflow/dags/crawl_search_page.py    501  0.00s             0           1  0.07s           2025-11-20T16:27:15                       5
================================================================================
[2025-11-20T16:28:16.397+0000] {manager.py:997} INFO - 
================================================================================
DAG File Processing Stats

File Path                                 PID  Runtime      # DAGs    # Errors  Last Runtime    Last Run               Last # of DB Queries
--------------------------------------  -----  ---------  --------  ----------  --------------  -------------------  ----------------------
/opt/airflow/dags/crawl_search_page.py    512  0.00s             0           1  0.06s           2025-11-20T16:27:46                       5
================================================================================
[2025-11-20T16:28:36.620+0000] {manager.py:821} INFO - Searching for files in /opt/airflow/dags
[2025-11-20T16:28:36.644+0000] {manager.py:824} INFO - There are 1 files in /opt/airflow/dags
[2025-11-20T16:28:46.789+0000] {manager.py:997} INFO - 
================================================================================
DAG File Processing Stats

File Path                                 PID  Runtime      # DAGs    # Errors  Last Runtime    Last Run               Last # of DB Queries
--------------------------------------  -----  ---------  --------  ----------  --------------  -------------------  ----------------------
/opt/airflow/dags/crawl_search_page.py    523  0.00s             0           1  0.06s           2025-11-20T16:28:16                       5
================================================================================
[2025-11-20T16:29:10.853+0000] {manager.py:465} INFO - Exiting gracefully upon receiving signal 15
